This is pdfTeX, Version 3.1415926-2.3-1.40.12 (TeX Live 2011) (format=pdflatex 2011.7.3)  8 APR 2012 00:07
entering extended mode
 \write18 enabled.
 file:line:error style messages enabled.
 %&-line parsing enabled.
**sensys12.tex
(./sensys12.tex
LaTeX2e <2009/09/24>
Babel <v3.8l> and hyphenation patterns for english, dumylang, nohyphenation, ge
rman-x-2009-06-19, ngerman-x-2009-06-19, afrikaans, ancientgreek, ibycus, arabi
c, armenian, basque, bulgarian, catalan, pinyin, coptic, croatian, czech, danis
h, dutch, ukenglish, usenglishmax, esperanto, estonian, ethiopic, farsi, finnis
h, french, galician, german, ngerman, swissgerman, monogreek, greek, hungarian,
 icelandic, assamese, bengali, gujarati, hindi, kannada, malayalam, marathi, or
iya, panjabi, tamil, telugu, indonesian, interlingua, irish, italian, kurmanji,
 lao, latin, latvian, lithuanian, mongolian, mongolianlmc, bokmal, nynorsk, pol
ish, portuguese, romanian, russian, sanskrit, serbian, serbianc, slovak, sloven
ian, spanish, swedish, turkish, turkmen, ukrainian, uppersorbian, welsh, loaded
.
(./sensys-proc.cls
Document Class: sensys-proc 2012/03/04 v1.0 Document Class
(/usr/local/texlive/2011/texmf-dist/tex/latex/base/article.cls
Document Class: article 2007/10/19 v1.4h Standard LaTeX document class
(/usr/local/texlive/2011/texmf-dist/tex/latex/base/size10.clo
File: size10.clo 2007/10/19 v1.4h Standard LaTeX file (size option)
)
\c@part=\count79
\c@section=\count80
\c@subsection=\count81
\c@subsubsection=\count82
\c@paragraph=\count83
\c@subparagraph=\count84
\c@figure=\count85
\c@table=\count86
\abovecaptionskip=\skip41
\belowcaptionskip=\skip42
\bibindent=\dimen102
)
(/usr/local/texlive/2011/texmf-dist/tex/latex/pslatex/pslatex.sty
Package: pslatex 1996/07/24 v1.2 pslatex emulation (DPC)
LaTeX Font Info:    Redeclaring symbol font `operators' on input line 65.
LaTeX Font Info:    Overwriting symbol font `operators' in version `normal'
(Font)                  OT1/cmr/m/n --> OT1/ptmcm/m/n on input line 65.
LaTeX Font Info:    Overwriting symbol font `operators' in version `bold'
(Font)                  OT1/cmr/bx/n --> OT1/ptmcm/m/n on input line 65.
LaTeX Font Info:    Redeclaring symbol font `letters' on input line 66.
LaTeX Font Info:    Overwriting symbol font `letters' in version `normal'
(Font)                  OML/cmm/m/it --> OML/ptmcm/m/it on input line 66.
LaTeX Font Info:    Overwriting symbol font `letters' in version `bold'
(Font)                  OML/cmm/b/it --> OML/ptmcm/m/it on input line 66.
LaTeX Font Info:    Redeclaring symbol font `symbols' on input line 67.
LaTeX Font Info:    Overwriting symbol font `symbols' in version `normal'
(Font)                  OMS/cmsy/m/n --> OMS/pzccm/m/n on input line 67.
LaTeX Font Info:    Overwriting symbol font `symbols' in version `bold'
(Font)                  OMS/cmsy/b/n --> OMS/pzccm/m/n on input line 67.
LaTeX Font Info:    Redeclaring symbol font `largesymbols' on input line 68.
LaTeX Font Info:    Overwriting symbol font `largesymbols' in version `normal'
(Font)                  OMX/cmex/m/n --> OMX/psycm/m/n on input line 68.
LaTeX Font Info:    Overwriting symbol font `largesymbols' in version `bold'
(Font)                  OMX/cmex/m/n --> OMX/psycm/m/n on input line 68.
\symbold=\mathgroup4
\symitalic=\mathgroup5
LaTeX Font Info:    Redeclaring math alphabet \mathbf on input line 74.
LaTeX Font Info:    Overwriting math alphabet `\mathbf' in version `normal'
(Font)                  OT1/cmr/bx/n --> OT1/ptm/bx/n on input line 74.
LaTeX Font Info:    Overwriting math alphabet `\mathbf' in version `bold'
(Font)                  OT1/cmr/bx/n --> OT1/ptm/bx/n on input line 74.
LaTeX Font Info:    Redeclaring math alphabet \mathit on input line 75.
LaTeX Font Info:    Overwriting math alphabet `\mathit' in version `normal'
(Font)                  OT1/cmr/m/it --> OT1/ptm/m/it on input line 75.
LaTeX Font Info:    Overwriting math alphabet `\mathit' in version `bold'
(Font)                  OT1/cmr/bx/it --> OT1/ptm/m/it on input line 75.
)
\aucount=\count87
\originalaucount=\count88
\auwidth=\dimen103
\auskip=\dimen104
\auskipcount=\count89
\auskip=\dimen105
\allauboxes=\dimen106
\addauthors=\toks14
\addauflag=\count90
\subtitletext=\toks15
\titleboxnotes=\toks16
\titleboxnoteflag=\count91
\@acmtitlebox=\box26
\titlenotecount=\count92
\tntoks=\toks17
\tntokstwo=\toks18
\tntoksthree=\toks19
\tntoksfour=\toks20
\tntoksfive=\toks21
\catcount=\count93
\copyrightnotice=\toks22
)
(/usr/local/texlive/2011/texmf-dist/tex/latex/tools/tabularx.sty
Package: tabularx 1999/01/07 v2.07 `tabularx' package (DPC)

(/usr/local/texlive/2011/texmf-dist/tex/latex/tools/array.sty
Package: array 2008/09/09 v2.4c Tabular extension package (FMi)
\col@sep=\dimen107
\extrarowheight=\dimen108
\NC@list=\toks23
\extratabsurround=\skip43
\backup@length=\skip44
)
\TX@col@width=\dimen109
\TX@old@table=\dimen110
\TX@old@col=\dimen111
\TX@target=\dimen112
\TX@delta=\dimen113
\TX@cols=\count94
\TX@ftn=\toks24
)
(/usr/local/texlive/2011/texmf-dist/tex/latex/subfigure/subfigure.sty
Package: subfigure 2002/03/15 v2.1.5 subfigure package
\subfigtopskip=\skip45
\subfigcapskip=\skip46
\subfigcaptopadj=\dimen114
\subfigbottomskip=\skip47
\subfigcapmargin=\dimen115
\subfiglabelskip=\skip48
\c@subfigure=\count95
\c@lofdepth=\count96
\c@subtable=\count97
\c@lotdepth=\count98

****************************************
* Local config file subfigure.cfg used *
****************************************
(/usr/local/texlive/2011/texmf-dist/tex/latex/subfigure/subfigure.cfg)
\subfig@top=\skip49
\subfig@bottom=\skip50
)
(/usr/local/texlive/2011/texmf-dist/tex/latex/graphics/graphicx.sty
Package: graphicx 1999/02/16 v1.0f Enhanced LaTeX Graphics (DPC,SPQR)

(/usr/local/texlive/2011/texmf-dist/tex/latex/graphics/keyval.sty
Package: keyval 1999/03/16 v1.13 key=value parser (DPC)
\KV@toks@=\toks25
)
(/usr/local/texlive/2011/texmf-dist/tex/latex/graphics/graphics.sty
Package: graphics 2009/02/05 v1.0o Standard LaTeX Graphics (DPC,SPQR)

(/usr/local/texlive/2011/texmf-dist/tex/latex/graphics/trig.sty
Package: trig 1999/03/16 v1.09 sin cos tan (DPC)
)
(/usr/local/texlive/2011/texmf-dist/tex/latex/latexconfig/graphics.cfg
File: graphics.cfg 2010/04/23 v1.9 graphics configuration of TeX Live
)
Package graphics Info: Driver file: pdftex.def on input line 91.

(/usr/local/texlive/2011/texmf-dist/tex/latex/pdftex-def/pdftex.def
File: pdftex.def 2011/05/27 v0.06d Graphics/color for pdfTeX

(/usr/local/texlive/2011/texmf-dist/tex/generic/oberdiek/infwarerr.sty
Package: infwarerr 2010/04/08 v1.3 Providing info/warning/message (HO)
)
(/usr/local/texlive/2011/texmf-dist/tex/generic/oberdiek/ltxcmds.sty
Package: ltxcmds 2011/04/18 v1.20 LaTeX kernel commands for general use (HO)
)
\Gread@gobject=\count99
))
\Gin@req@height=\dimen116
\Gin@req@width=\dimen117
)
(/usr/local/texlive/2011/texmf-dist/tex/latex/graphics/color.sty
Package: color 2005/11/14 v1.0j Standard LaTeX Color (DPC)

(/usr/local/texlive/2011/texmf-dist/tex/latex/latexconfig/color.cfg
File: color.cfg 2007/01/18 v1.5 color configuration of teTeX/TeXLive
)
Package color Info: Driver file: pdftex.def on input line 130.
)
(./cite.sty
LaTeX Info: Redefining \cite on input line 302.
LaTeX Info: Redefining \nocite on input line 373.
Package: cite 2010/09/10  v 5.3
) (/usr/local/texlive/2011/texmf-dist/tex/latex/preprint/balance.sty
Package: balance 1999/02/23 4.3 (PWD)
\oldvsize=\dimen118
) (/usr/local/texlive/2011/texmf-dist/tex/latex/amsmath/amsmath.sty
Package: amsmath 2000/07/18 v2.13 AMS math features
\@mathmargin=\skip51

For additional information on amsmath, use the `?' option.
(/usr/local/texlive/2011/texmf-dist/tex/latex/amsmath/amstext.sty
Package: amstext 2000/06/29 v2.01

(/usr/local/texlive/2011/texmf-dist/tex/latex/amsmath/amsgen.sty
File: amsgen.sty 1999/11/30 v2.0
\@emptytoks=\toks26
\ex@=\dimen119
))
(/usr/local/texlive/2011/texmf-dist/tex/latex/amsmath/amsbsy.sty
Package: amsbsy 1999/11/29 v1.2d
\pmbraise@=\dimen120
)
(/usr/local/texlive/2011/texmf-dist/tex/latex/amsmath/amsopn.sty
Package: amsopn 1999/12/14 v2.01 operator names
)
\inf@bad=\count100
LaTeX Info: Redefining \frac on input line 211.
\uproot@=\count101
\leftroot@=\count102
LaTeX Info: Redefining \overline on input line 307.
\classnum@=\count103
\DOTSCASE@=\count104
LaTeX Info: Redefining \ldots on input line 379.
LaTeX Info: Redefining \dots on input line 382.
LaTeX Info: Redefining \cdots on input line 467.
\Mathstrutbox@=\box27
\strutbox@=\box28
\big@size=\dimen121
LaTeX Font Info:    Redeclaring font encoding OML on input line 567.
LaTeX Font Info:    Redeclaring font encoding OMS on input line 568.
\macc@depth=\count105
\c@MaxMatrixCols=\count106
\dotsspace@=\muskip10
\c@parentequation=\count107
\dspbrk@lvl=\count108
\tag@help=\toks27
\row@=\count109
\column@=\count110
\maxfields@=\count111
\andhelp@=\toks28
\eqnshift@=\dimen122
\alignsep@=\dimen123
\tagshift@=\dimen124
\tagwidth@=\dimen125
\totwidth@=\dimen126
\lineht@=\dimen127
\@envbody=\toks29
\multlinegap=\skip52
\multlinetaggap=\skip53
\mathdisplay@stack=\toks30
LaTeX Info: Redefining \[ on input line 2666.
LaTeX Info: Redefining \] on input line 2667.
)
(/usr/local/texlive/2011/texmf-dist/tex/latex/algorithms/algorithm.sty
Package: algorithm 2009/08/24 v0.1 Document Style `algorithm' - floating enviro
nment

(/usr/local/texlive/2011/texmf-dist/tex/latex/float/float.sty
Package: float 2001/11/08 v1.3d Float enhancements (AL)
\c@float@type=\count112
\float@exts=\toks31
\float@box=\box29
\@float@everytoks=\toks32
\@floatcapt=\box30
)
(/usr/local/texlive/2011/texmf-dist/tex/latex/base/ifthen.sty
Package: ifthen 2001/05/26 v1.1c Standard LaTeX ifthen package (DPC)
)
\@float@every@algorithm=\toks33
\c@algorithm=\count113
)
(./algpseudocode.sty
Package: algpseudocode 
 (./algorithmicx.sty
Package: algorithmicx 2005/04/27 v1.2 Algorithmicx

Document Style algorithmicx 1.2 - a greatly improved `algorithmic' style
\c@ALG@line=\count114
\c@ALG@rem=\count115
\c@ALG@nested=\count116
\ALG@tlm=\skip54
\ALG@thistlm=\skip55
\c@ALG@Lnr=\count117
\c@ALG@blocknr=\count118
\c@ALG@storecount=\count119
\c@ALG@tmpcounter=\count120
\ALG@tmplength=\skip56
)
Document Style - pseudocode environments for use with the `algorithmicx' style
) (/usr/local/texlive/2011/texmf-dist/tex/latex/multirow/multirow.sty
\bigstrutjot=\dimen128
)
(/usr/local/texlive/2011/texmf-dist/tex/latex/url/url.sty
\Urlmuskip=\muskip11
Package: url 2006/04/12  ver 3.3  Verb mode for urls, etc.
)
(/usr/local/texlive/2011/texmf-dist/tex/latex/tools/verbatim.sty
Package: verbatim 2003/08/22 v1.5q LaTeX2e package for verbatim enhancements
\every@verbatim=\toks34
\verbatim@line=\toks35
\verbatim@in@stream=\read1
)
(/usr/local/texlive/2011/texmf-dist/tex/latex/rotating/rotating.sty
Package: rotating 2009/03/28 v2.16a rotated objects in LaTeX
\c@r@tfl@t=\count121
\rotFPtop=\skip57
\rotFPbot=\skip58
\rot@float@box=\box31
\rot@mess@toks=\toks36
)
(./lastpage.sty
Package: lastpage 1994/06/25 v0.1b LaTeX2e package for refs to last page number
 (JPG)
)
(/usr/local/texlive/2011/texmf-dist/tex/latex/fancyhdr/fancyhdr.sty
\fancy@headwidth=\skip59
\f@ncyO@elh=\skip60
\f@ncyO@erh=\skip61
\f@ncyO@olh=\skip62
\f@ncyO@orh=\skip63
\f@ncyO@elf=\skip64
\f@ncyO@erf=\skip65
\f@ncyO@olf=\skip66
\f@ncyO@orf=\skip67
)
(./sensys12.aux)
\openout1 = `sensys12.aux'.

LaTeX Font Info:    Checking defaults for OML/cmm/m/it on input line 74.
LaTeX Font Info:    ... okay on input line 74.
LaTeX Font Info:    Checking defaults for T1/cmr/m/n on input line 74.
LaTeX Font Info:    ... okay on input line 74.
LaTeX Font Info:    Checking defaults for OT1/cmr/m/n on input line 74.
LaTeX Font Info:    ... okay on input line 74.
LaTeX Font Info:    Checking defaults for OMS/pzccm/m/n on input line 74.
LaTeX Font Info:    Try loading font information for OMS+pzccm on input line 74
.

(/usr/local/texlive/2011/texmf-dist/tex/latex/psnfss/omspzccm.fd
File: omspzccm.fd 2000/01/03 Fontinst v1.801 font definitions for OMS/pzccm.
)
LaTeX Font Info:    ... okay on input line 74.
LaTeX Font Info:    Checking defaults for OMX/cmex/m/n on input line 74.
LaTeX Font Info:    ... okay on input line 74.
LaTeX Font Info:    Checking defaults for U/cmr/m/n on input line 74.
LaTeX Font Info:    ... okay on input line 74.

(/usr/local/texlive/2011/texmf-dist/tex/context/base/supp-pdf.mkii
[Loading MPS to PDF converter (version 2006.09.02).]
\scratchcounter=\count122
\scratchdimen=\dimen129
\scratchbox=\box32
\nofMPsegments=\count123
\nofMParguments=\count124
\everyMPshowfont=\toks37
\MPscratchCnt=\count125
\MPscratchDim=\dimen130
\MPnumerator=\count126
\makeMPintoPDFobject=\count127
\everyMPtoPDFconversion=\toks38
) (/usr/local/texlive/2011/texmf-dist/tex/generic/oberdiek/pdftexcmds.sty
Package: pdftexcmds 2011/04/22 v0.16 Utilities of pdfTeX for LuaTeX (HO)

(/usr/local/texlive/2011/texmf-dist/tex/generic/oberdiek/ifluatex.sty
Package: ifluatex 2010/03/01 v1.3 Provides the ifluatex switch (HO)
Package ifluatex Info: LuaTeX not detected.
)
(/usr/local/texlive/2011/texmf-dist/tex/generic/oberdiek/ifpdf.sty
Package: ifpdf 2011/01/30 v2.3 Provides the ifpdf switch (HO)
Package ifpdf Info: pdfTeX in PDF mode is detected.
)
Package pdftexcmds Info: LuaTeX not detected.
Package pdftexcmds Info: \pdf@primitive is available.
Package pdftexcmds Info: \pdf@ifprimitive is available.
Package pdftexcmds Info: \pdfdraftmode found.
)
(/usr/local/texlive/2011/texmf-dist/tex/latex/oberdiek/epstopdf-base.sty
Package: epstopdf-base 2010/02/09 v2.5 Base part for package epstopdf

(/usr/local/texlive/2011/texmf-dist/tex/latex/oberdiek/grfext.sty
Package: grfext 2010/08/19 v1.1 Managing graphics extensions (HO)

(/usr/local/texlive/2011/texmf-dist/tex/generic/oberdiek/kvdefinekeys.sty
Package: kvdefinekeys 2011/04/07 v1.3 Defining keys (HO)
))
(/usr/local/texlive/2011/texmf-dist/tex/latex/oberdiek/kvoptions.sty
Package: kvoptions 2010/12/23 v3.10 Keyval support for LaTeX options (HO)

(/usr/local/texlive/2011/texmf-dist/tex/generic/oberdiek/kvsetkeys.sty
Package: kvsetkeys 2011/04/07 v1.13 Key value parser (HO)

(/usr/local/texlive/2011/texmf-dist/tex/generic/oberdiek/etexcmds.sty
Package: etexcmds 2011/02/16 v1.5 Prefix for e-TeX command names (HO)
Package etexcmds Info: Could not find \expanded.
(etexcmds)             That can mean that you are not using pdfTeX 1.50 or
(etexcmds)             that some package has redefined \expanded.
(etexcmds)             In the latter case, load this package earlier.
)))
Package grfext Info: Graphics extension search list:
(grfext)             [.png,.pdf,.jpg,.mps,.jpeg,.jbig2,.jb2,.PNG,.PDF,.JPG,.JPE
G,.JBIG2,.JB2,.eps]
(grfext)             \AppendGraphicsExtensions on input line 452.

(/usr/local/texlive/2011/texmf-dist/tex/latex/latexconfig/epstopdf-sys.cfg
File: epstopdf-sys.cfg 2010/07/13 v1.3 Configuration of (r)epstopdf for TeX Liv
e
))
LaTeX Font Info:    Font shape `OT1/phv/m/n' will be
(Font)              scaled to size 8.99994pt on input line 76.
LaTeX Font Info:    Font shape `OT1/phv/bx/n' in size <10> not available
(Font)              Font shape `OT1/phv/b/n' tried instead on input line 76.
LaTeX Font Info:    Font shape `OT1/phv/b/n' will be
(Font)              scaled to size 8.99994pt on input line 76.
LaTeX Font Info:    Font shape `OT1/phv/bx/n' in size <18> not available
(Font)              Font shape `OT1/phv/b/n' tried instead on input line 76.
LaTeX Font Info:    Font shape `OT1/phv/b/n' will be
(Font)              scaled to size 16.19989pt on input line 76.
LaTeX Font Info:    Font shape `OT1/phv/m/n' will be
(Font)              scaled to size 12.59991pt on input line 76.
LaTeX Font Info:    Font shape `OT1/phv/m/n' will be
(Font)              scaled to size 10.79993pt on input line 76.
LaTeX Font Info:    Try loading font information for OT1+ptmcm on input line 76
.

(/usr/local/texlive/2011/texmf-dist/tex/latex/psnfss/ot1ptmcm.fd
File: ot1ptmcm.fd 2000/01/03 Fontinst v1.801 font definitions for OT1/ptmcm.
)
LaTeX Font Info:    Try loading font information for OML+ptmcm on input line 76
.

(/usr/local/texlive/2011/texmf-dist/tex/latex/psnfss/omlptmcm.fd
File: omlptmcm.fd 2000/01/03 Fontinst v1.801 font definitions for OML/ptmcm.
)
LaTeX Font Info:    Try loading font information for OMX+psycm on input line 76
.

(/usr/local/texlive/2011/texmf-dist/tex/latex/psnfss/omxpsycm.fd
File: omxpsycm.fd 2000/01/03 Fontinst v1.801 font definitions for OMX/psycm.
)
LaTeX Font Info:    Font shape `OT1/ptm/bx/n' in size <12> not available
(Font)              Font shape `OT1/ptm/b/n' tried instead on input line 76.
LaTeX Font Info:    Font shape `OT1/ptm/bx/n' in size <9> not available
(Font)              Font shape `OT1/ptm/b/n' tried instead on input line 76.
LaTeX Font Info:    Font shape `OT1/ptm/bx/n' in size <7> not available
(Font)              Font shape `OT1/ptm/b/n' tried instead on input line 76.


LaTeX Warning: No \author given.


Underfull \hbox (badness 10000) in paragraph at lines 76--76

 []

LaTeX Font Info:    Font shape `OMS/ptm/m/n' in size <7> not available
(Font)              Font shape `OMS/pzccm/m/n' tried instead on input line 76.
(./abstract.tex) (./introduction.tex
LaTeX Font Info:    Font shape `OT1/ptm/bx/n' in size <10> not available
(Font)              Font shape `OT1/ptm/b/n' tried instead on input line 27.


LaTeX Warning: Citation `givecites' on page 1 undefined on input line 27.


LaTeX Warning: Citation `vapnik2000nature' on page 1 undefined on input line 32
.


Overfull \hbox (1.90002pt too wide) has occurred while \output is active
 []
 []


Overfull \hbox (1.90002pt too wide) has occurred while \output is active
 []
 []

[1{/usr/local/texlive/2011/texmf-var/fonts/map/pdftex/updmap/pdftex.map}


]
LaTeX Font Info:    Font shape `OT1/ptm/bx/n' in size <7.4> not available
(Font)              Font shape `OT1/ptm/b/n' tried instead on input line 68.
LaTeX Font Info:    Font shape `OT1/ptm/bx/n' in size <6> not available
(Font)              Font shape `OT1/ptm/b/n' tried instead on input line 68.


LaTeX Warning: Citation `Granger:lastseen' on page 2 undefined on input line 70
.


LaTeX Warning: Citation `le2005estimating' on page 2 undefined on input line 72
.


LaTeX Warning: Citation `li2008data' on page 2 undefined on input line 72.


LaTeX Warning: Citation `Gruenwald:FARM' on page 2 undefined on input line 73.


LaTeX Warning: Citation `pan2010k' on page 2 undefined on input line 73.


LaTeX Warning: Citation `yuan2000multiple' on page 2 undefined on input line 74
.


LaTeX Warning: Citation `li2008data' on page 2 undefined on input line 75.


LaTeX Warning: Citation `Jian-Zhong:STI' on page 2 undefined on input line 76.


LaTeX Warning: Citation `pan2010k' on page 2 undefined on input line 76.


LaTeX Warning: Citation `Lim:robust' on page 2 undefined on input line 77.


LaTeX Warning: Citation `madden2005tinydb' on page 2 undefined on input line 85
.


LaTeX Warning: Citation `setz2009combining' on page 2 undefined on input line 8
5.


LaTeX Warning: Citation `Granger:lastseen' on page 2 undefined on input line 86
.


Underfull \hbox (badness 2134) in paragraph at lines 83--93
[]\OT1/ptm/m/it/10 Temporal meth-ods \OT1/ptm/m/n/10 lever-age the tem-po-ral c
or-re-la-tion
 []

<house_floorplan.png, id=12, 633.567pt x 428.3202pt>
File: house_floorplan.png Graphic file (type png)
 <use house_floorplan.png>
Package pdftex.def Info: house_floorplan.png used on input line 98.
(pdftex.def)             Requested size: 221.75177pt x 149.9143pt.


LaTeX Warning: Citation `le2005estimating' on page 2 undefined on input line 10
4.


LaTeX Warning: Citation `Gruenwald:FARM' on page 2 undefined on input line 105.



LaTeX Warning: Citation `li2008data' on page 2 undefined on input line 107.


LaTeX Warning: Citation `pan2010k' on page 2 undefined on input line 108.


LaTeX Warning: Citation `yuan2000multiple' on page 2 undefined on input line 10
8.


LaTeX Warning: Citation `Jian-Zhong:STI' on page 2 undefined on input line 141.



LaTeX Warning: Citation `li2008data' on page 2 undefined on input line 141.


LaTeX Warning: Citation `pan2010k' on page 2 undefined on input line 142.


LaTeX Warning: Citation `Lim:robust' on page 2 undefined on input line 142.

<recommend_imputation.png, id=14, 593.5776pt x 289.5618pt>
File: recommend_imputation.png Graphic file (type png)

<use recommend_imputation.png>
Package pdftex.def Info: recommend_imputation.png used on input line 177.
(pdftex.def)             Requested size: 207.75526pt x 101.34814pt.

Overfull \hbox (1.90002pt too wide) has occurred while \output is active
 []
 []


Overfull \hbox (1.90002pt too wide) has occurred while \output is active
 []
 []

[2 <./house_floorplan.png> <./recommend_imputation.png>]
LaTeX Font Info:    Font shape `OMS/ptm/m/n' in size <10> not available
(Font)              Font shape `OMS/pzccm/m/n' tried instead on input line 261.

) (./related_work.tex

LaTeX Warning: Citation `Little:hotdeck' on page 3 undefined on input line 3.


LaTeX Warning: Citation `akyildiz2004exploiting' on page 3 undefined on input l
ine 3.


LaTeX Warning: Citation `lou:multivariate_gap' on page 3 undefined on input lin
e 3.


LaTeX Warning: Citation `Garcia:KNNreview' on page 3 undefined on input line 5.



Overfull \hbox (1.90002pt too wide) has occurred while \output is active
 []
 []


Overfull \hbox (1.90002pt too wide) has occurred while \output is active
 []
 []

[3]

LaTeX Warning: Citation `viran:spatialtemporal' on page 4 undefined on input li
ne 26.


LaTeX Warning: Citation `li2008data' on page 4 undefined on input line 28.


LaTeX Warning: Citation `le2005estimating' on page 4 undefined on input line 37
.


LaTeX Warning: Citation `Gruenwald:FARM' on page 4 undefined on input line 37.


LaTeX Warning: Citation `yuan2000multiple' on page 4 undefined on input line 50
.


LaTeX Warning: Citation `Little:hotdeck' on page 4 undefined on input line 50.


LaTeX Warning: Citation `yuan2000multiple' on page 4 undefined on input line 50
.


LaTeX Warning: Citation `jiang2007estimating' on page 4 undefined on input line
 51.


LaTeX Warning: Citation `Gruenwald:FARM' on page 4 undefined on input line 51.


LaTeX Warning: Citation `Lim:robust' on page 4 undefined on input line 58.


LaTeX Warning: Citation `li2008spatial' on page 4 undefined on input line 61.


LaTeX Warning: Citation `li2008data' on page 4 undefined on input line 71.


Overfull \hbox (1.90002pt too wide) has occurred while \output is active
 []
 []


Overfull \hbox (1.90002pt too wide) has occurred while \output is active
 []
 []

[4]

LaTeX Warning: Citation `Troyanskaya:DNAKNN' on page 5 undefined on input line 
89.


LaTeX Warning: Citation `pan2010k' on page 5 undefined on input line 90.


LaTeX Warning: Citation `Lim:robust' on page 5 undefined on input line 120.


LaTeX Warning: Citation `chen2011linear' on page 5 undefined on input line 140.



LaTeX Warning: Citation `beckers2003eof' on page 5 undefined on input line 146.



LaTeX Warning: Citation `alvera2009enhancing' on page 5 undefined on input line
 157.


LaTeX Warning: Citation `koren2009matrix' on page 5 undefined on input line 163
.


LaTeX Warning: Citation `ke2005robust' on page 5 undefined on input line 163.


LaTeX Warning: Citation `tomasi1992shape' on page 5 undefined on input line 166
.


LaTeX Warning: Citation `buchanan2005damped' on page 5 undefined on input line 
167.


LaTeX Warning: Citation `okatani2011efficient' on page 5 undefined on input lin
e 167.


LaTeX Warning: Citation `eriksson2010efficient' on page 5 undefined on input li
ne 167.

) (./matrix_factorization.tex
Overfull \hbox (1.90002pt too wide) has occurred while \output is active
 []
 []


Overfull \hbox (1.90002pt too wide) has occurred while \output is active
 []
 []

[5]

LaTeX Warning: Citation `koren2009matrix' on page 6 undefined on input line 15.



Underfull \hbox (badness 2080) in paragraph at lines 31--31
[]\OT1/ptm/b/n/12 Temporally-Regularized Ma-trix Fac-tor-
 []

<TRMF_illustration.png, id=32, 395.5578pt x 204.2832pt>
File: TRMF_illustration.png Graphic file (type png)

<use TRMF_illustration.png>
Package pdftex.def Info: TRMF_illustration.png used on input line 35.
(pdftex.def)             Requested size: 252.94499pt x 130.63481pt.

Overfull \hbox (11.9246pt too wide) in paragraph at lines 35--36
 [][] 
 []


Underfull \hbox (badness 4765) in paragraph at lines 44--45
[]\OT1/ptm/m/n/10 With this ob-ser-va-tion, we pro-pose a Temporally-
 []


Underfull \hbox (badness 10000) in paragraph at lines 56--56
[]\OT1/ptm/b/n/12 Spatio-Temporal-Regularized Ma-trix
 []


Overfull \hbox (1.90002pt too wide) has occurred while \output is active
 []
 []


Overfull \hbox (1.90002pt too wide) has occurred while \output is active
 []
 []

[6 <./TRMF_illustration.png>]

LaTeX Warning: Citation `koren2009matrix' on page 7 undefined on input line 72.



LaTeX Warning: Citation `chih2008large' on page 7 undefined on input line 72.


LaTeX Warning: Citation `koren2009matrix' on page 7 undefined on input line 72.



LaTeX Warning: Citation `zhou2008large' on page 7 undefined on input line 72.


LaTeX Warning: Citation `buchanan2005damped' on page 7 undefined on input line 
72.


LaTeX Warning: Citation `okatani2007wiberg' on page 7 undefined on input line 7
2.


Underfull \hbox (badness 10000) in paragraph at lines 77--90

 []


Underfull \hbox (badness 10000) in paragraph at lines 93--98

 []

) (./tensor_factorization.tex
Overfull \hbox (1.90002pt too wide) has occurred while \output is active
 []
 []


Overfull \hbox (1.90002pt too wide) has occurred while \output is active
 []
 []

[7]
Underfull \hbox (badness 1496) in paragraph at lines 26--27
\OT1/ptm/m/n/10 (e.g. sensor1/sensor2/time-step or sensor/location/time-
 []

<tf.jpg, id=43, 592.2125pt x 493.845pt>
File: tf.jpg Graphic file (type jpg)
 <use tf.jpg>
Package pdftex.def Info: tf.jpg used on input line 65.
(pdftex.def)             Requested size: 256.0748pt x 213.54733pt.

Overfull \hbox (15.05441pt too wide) in paragraph at lines 65--66
[][] 
 []


LaTeX Warning: `h' float specifier changed to `ht'.


LaTeX Warning: Citation `tg2009td' on page 8 undefined on input line 74.


LaTeX Warning: Citation `bergqvist2010hosvd' on page 8 undefined on input line 
74.


LaTeX Warning: Citation `karatzoglou2010multiverse' on page 8 undefined on inpu
t line 74.


LaTeX Warning: Citation `steffen2010pairwise' on page 8 undefined on input line
 74.


LaTeX Warning: Citation `zeno2010context' on page 8 undefined on input line 74.



Overfull \hbox (1.90002pt too wide) has occurred while \output is active
 []
 []


Overfull \hbox (1.90002pt too wide) has occurred while \output is active
 []
 []

[8]
Underfull \hbox (badness 10000) in paragraph at lines 103--106

 []


Overfull \hbox (11.22871pt too wide) detected at line 114
[] []
 []

) (./experimental_setup.tex

LaTeX Warning: Citation `berkeley2004lab' on page 9 undefined on input line 9.


Overfull \hbox (1.90002pt too wide) has occurred while \output is active
 []
 []


Overfull \hbox (1.90002pt too wide) has occurred while \output is active
 []
 []

[9 <./tf.jpg>] <berkeley_lab.png, id=50, 903.375pt x 468.75125pt>
File: berkeley_lab.png Graphic file (type png)

<use berkeley_lab.png>
Package pdftex.def Info: berkeley_lab.png used on input line 14.
(pdftex.def)             Requested size: 225.8432pt x 117.18752pt.


LaTeX Warning: Citation `liu2011developed' on page 10 undefined on input line 2
1.

<traffic_wsn.png, id=51, 313.17pt x 259.7203pt>
File: traffic_wsn.png Graphic file (type png)
 <use traffic_wsn.png>
Package pdftex.def Info: traffic_wsn.png used on input line 25.
(pdftex.def)             Requested size: 156.58461pt x 129.85983pt.
)
(./experimental_results_basics.tex
Overfull \hbox (1.90002pt too wide) has occurred while \output is active
 []
 []


Overfull \hbox (1.90002pt too wide) has occurred while \output is active
 []
 []

[10 <./berkeley_lab.png (PNG copy)> <./traffic_wsn.png>]
Overfull \hbox (2.04013pt too wide) in paragraph at lines 161--171
 [][] 
 []


Overfull \hbox (2.04013pt too wide) in paragraph at lines 179--189
 [][] 
 []

) (./experimental_results_spatial.tex
LaTeX Font Info:    Font shape `OT1/ptm/bx/n' in size <8> not available
(Font)              Font shape `OT1/ptm/b/n' tried instead on input line 9.
LaTeX Font Info:    Font shape `OT1/ptm/bx/n' in size <5> not available
(Font)              Font shape `OT1/ptm/b/n' tried instead on input line 9.

Overfull \hbox (2.78691pt too wide) in paragraph at lines 26--36
 [][] 
 []

<expected.png, id=56, 495.2904pt x 259.2084pt>
File: expected.png Graphic file (type png)
 <use expected.png>
Package pdftex.def Info: expected.png used on input line 58.
(pdftex.def)             Requested size: 126.47249pt x 66.18625pt.

<Hum_similarity.png, id=57, 503.481pt x 264.99pt>
File: Hum_similarity.png Graphic file (type png)
 <use Hum_similarity.png>
Package pdftex.def Info: Hum_similarity.png used on input line 61.
(pdftex.def)             Requested size: 111.29642pt x 58.57697pt.

<Light_similarity.png, id=58, 502.5174pt x 263.5446pt>
File: Light_similarity.png Graphic file (type png)

<use Light_similarity.png>
Package pdftex.def Info: Light_similarity.png used on input line 65.
(pdftex.def)             Requested size: 111.29642pt x 58.36603pt.

Overfull \hbox (1.90002pt too wide) has occurred while \output is active
 []
 []


Overfull \hbox (1.90002pt too wide) has occurred while \output is active
 []
 []

[11]) (./experimental_results.tex) (./discussion.tex
Underfull \hbox (badness 10000) in paragraph at lines 3--3
[]\OT1/ptm/b/n/12 Hybrid Tem-po-ral/Spatial Im-pu-ta-tion
 []


Overfull \hbox (1.90002pt too wide) has occurred while \output is active
 []
 []


Overfull \hbox (1.90002pt too wide) has occurred while \output is active
 []
 []

[12 <./expected.png> <./Hum_similarity.png> <./Light_similarity.png>])
(./conclusion.tex)
No file sensys12.bbl.
(./experimental_figures_basics.tex
<table2_1_BRH.pdf, id=68, 244.915pt x 103.38625pt>
File: table2_1_BRH.pdf Graphic file (type pdf)
 <use table2_1_BRH.pdf>
Package pdftex.def Info: table2_1_BRH.pdf used on input line 7.
(pdftex.def)             Requested size: 195.93225pt x 82.70909pt.

<table3_BRL.pdf, id=69, 244.915pt x 103.38625pt>
File: table3_BRL.pdf Graphic file (type pdf)
 <use table3_BRL.pdf>
Package pdftex.def Info: table3_BRL.pdf used on input line 16.
(pdftex.def)             Requested size: 195.93225pt x 82.70909pt.

<table4_BRT.pdf, id=70, 244.915pt x 103.38625pt>
File: table4_BRT.pdf Graphic file (type pdf)
 <use table4_BRT.pdf>
Package pdftex.def Info: table4_BRT.pdf used on input line 26.
(pdftex.def)             Requested size: 195.93225pt x 82.70909pt.

<table5_TRH.pdf, id=71, 244.915pt x 103.38625pt>
File: table5_TRH.pdf Graphic file (type pdf)
 <use table5_TRH.pdf>
Package pdftex.def Info: table5_TRH.pdf used on input line 36.
(pdftex.def)             Requested size: 195.93225pt x 82.70909pt.

<table6_TRT.pdf, id=72, 244.915pt x 103.38625pt>
File: table6_TRT.pdf Graphic file (type pdf)
 <use table6_TRT.pdf>
Package pdftex.def Info: table6_TRT.pdf used on input line 46.
(pdftex.def)             Requested size: 195.93225pt x 82.70909pt.
)
(./experimental_figures_multivariate.tex
<berkeley_random_humidity_pspdftex.pdf, id=73, 235.88126pt x 103.38625pt>
File: berkeley_random_humidity_pspdftex.pdf Graphic file (type pdf)

<use berkeley_random_humidity_pspdftex.pdf>
Package pdftex.def Info: berkeley_random_humidity_pspdftex.pdf used on input li
ne 7.
(pdftex.def)             Requested size: 235.88068pt x 103.38599pt.

<berkeley_random_temperature_pspdftex.pdf, id=74, 235.88126pt x 103.38625pt>
File: berkeley_random_temperature_pspdftex.pdf Graphic file (type pdf)

<use berkeley_random_temperature_pspdftex.pdf>
Package pdftex.def Info: berkeley_random_temperature_pspdftex.pdf used on input
 line 13.
(pdftex.def)             Requested size: 235.88068pt x 103.38599pt.

<berkeley_temporal_humidity_pspdftex.pdf, id=75, 235.88126pt x 103.38625pt>
File: berkeley_temporal_humidity_pspdftex.pdf Graphic file (type pdf)

<use berkeley_temporal_humidity_pspdftex.pdf>
Package pdftex.def Info: berkeley_temporal_humidity_pspdftex.pdf used on input 
line 19.
(pdftex.def)             Requested size: 235.88068pt x 103.38599pt.

<berkeley_temporal_temperature_pspdftex.pdf, id=76, 235.88126pt x 103.38625pt>
File: berkeley_temporal_temperature_pspdftex.pdf Graphic file (type pdf)

<use berkeley_temporal_temperature_pspdftex.pdf>
Package pdftex.def Info: berkeley_temporal_temperature_pspdftex.pdf used on inp
ut line 25.
(pdftex.def)             Requested size: 235.88068pt x 103.38599pt.

<traffic_random_humidity_pspdftex.pdf, id=77, 235.88126pt x 103.38625pt>
File: traffic_random_humidity_pspdftex.pdf Graphic file (type pdf)

<use traffic_random_humidity_pspdftex.pdf>
Package pdftex.def Info: traffic_random_humidity_pspdftex.pdf used on input lin
e 31.
(pdftex.def)             Requested size: 235.88068pt x 103.38599pt.

<traffic_random_temperature_pspdftex.pdf, id=78, 235.88126pt x 103.38625pt>
File: traffic_random_temperature_pspdftex.pdf Graphic file (type pdf)

<use traffic_random_temperature_pspdftex.pdf>
Package pdftex.def Info: traffic_random_temperature_pspdftex.pdf used on input 
line 37.
(pdftex.def)             Requested size: 235.88068pt x 103.38599pt.

<traffic_temporal_humidity_pspdftex.pdf, id=79, 235.88126pt x 103.38625pt>
File: traffic_temporal_humidity_pspdftex.pdf Graphic file (type pdf)

<use traffic_temporal_humidity_pspdftex.pdf>
Package pdftex.def Info: traffic_temporal_humidity_pspdftex.pdf used on input l
ine 43.
(pdftex.def)             Requested size: 235.88068pt x 103.38599pt.

<traffic_temporal_temperature_pspdftex.pdf, id=80, 235.88126pt x 103.38625pt>
File: traffic_temporal_temperature_pspdftex.pdf Graphic file (type pdf)

<use traffic_temporal_temperature_pspdftex.pdf>
Package pdftex.def Info: traffic_temporal_temperature_pspdftex.pdf used on inpu
t line 49.
(pdftex.def)             Requested size: 235.88068pt x 103.38599pt.
)
AED: lastpage setting LastPage
Overfull \hbox (1.90002pt too wide) has occurred while \output is active
 []
 []


Overfull \hbox (1.90002pt too wide) has occurred while \output is active
 []
 []

[13]
Overfull \hbox (1.90002pt too wide) has occurred while \output is active
 []
 []


Overfull \hbox (1.90002pt too wide) has occurred while \output is active
 []
 []

[14 <./table2_1_BRH.pdf> <./table3_BRL.pdf> <./table4_BRT.pdf> <./table5_TRH.pd
f> <./table6_TRT.pdf>]
Overfull \hbox (1.90002pt too wide) has occurred while \output is active
 []
 []


Overfull \hbox (1.90002pt too wide) has occurred while \output is active
 []
 []

[15 <./berkeley_random_humidity_pspdftex.pdf> <./berkeley_random_temperature_ps
pdftex.pdf> <./berkeley_temporal_humidity_pspdftex.pdf> <./berkeley_temporal_te
mperature_pspdftex.pdf> <./traffic_random_humidity_pspdftex.pdf> <./traffic_ran
dom_temperature_pspdftex.pdf> <./traffic_temporal_humidity_pspdftex.pdf> <./tra
ffic_temporal_temperature_pspdftex.pdf>] (./sensys12.aux)

LaTeX Warning: There were undefined references.

 ) 
Here is how much of TeX's memory you used:
 4050 strings out of 493633
 57460 string characters out of 3143378
 137346 words of memory out of 3000000
 7167 multiletter control sequences out of 15000+200000
 56599 words of font info for 107 fonts, out of 3000000 for 9000
 831 hyphenation exceptions out of 8191
 38i,12n,43p,1087b,334s stack positions out of 5000i,500n,10000p,200000b,50000s
{/usr/local/texlive/2011/texmf-dist/fonts/enc/dvips/base/8r.enc}</usr/local/t
exlive/2011/texmf-dist/fonts/type1/public/amsfonts/cm/cmex10.pfb></usr/local/te
xlive/2011/texmf-dist/fonts/type1/public/amsfonts/cm/cmmi10.pfb></usr/local/tex
live/2011/texmf-dist/fonts/type1/public/amsfonts/cm/cmr10.pfb></usr/local/texli
ve/2011/texmf-dist/fonts/type1/public/amsfonts/cm/cmsy10.pfb></usr/local/texliv
e/2011/texmf-dist/fonts/type1/urw/helvetic/uhvb8a.pfb></usr/local/texlive/2011/
texmf-dist/fonts/type1/urw/symbol/usyr.pfb></usr/local/texlive/2011/texmf-dist/
fonts/type1/urw/times/utmb8a.pfb></usr/local/texlive/2011/texmf-dist/fonts/type
1/urw/times/utmr8a.pfb></usr/local/texlive/2011/texmf-dist/fonts/type1/urw/time
s/utmr8a.pfb></usr/local/texlive/2011/texmf-dist/fonts/type1/urw/times/utmri8a.
pfb></usr/local/texlive/2011/texmf-dist/fonts/type1/urw/zapfchan/uzcmi8a.pfb>
Output written on sensys12.pdf (15 pages, 1839271 bytes).
PDF statistics:
 207 PDF objects out of 1000 (max. 8388607)
 135 compressed objects within 2 object streams
 0 named destinations out of 1000 (max. 500000)
 111 words of extra memory for PDF output out of 10000 (max. 10000000)

