This is pdfeTeX, Version 3.141592-1.21a-2.2 (Web2C 7.5.4) (format=pdflatex 2006.6.16)  2 MAR 2013 23:02
entering extended mode
**pkdd.tex
(./pkdd.tex
LaTeX2e <2003/12/01>
Babel <v3.8d> and hyphenation patterns for american, french, german, ngerman, b
ahasa, basque, bulgarian, catalan, croatian, czech, danish, dutch, esperanto, e
stonian, finnish, greek, icelandic, irish, italian, latin, magyar, norsk, polis
h, portuges, romanian, russian, serbian, slovak, slovene, spanish, swedish, tur
kish, ukrainian, nohyphenation, loaded.
(/usr/share/texmf/tex/latex/base/fix-cm.sty
Package: fix-cm 2004/02/13 v1.1h fixes to LaTeX

(/usr/share/texmf/tex/latex/base/ts1enc.def
File: ts1enc.def 2001/06/05 v3.0e (jk/car/fm) Standard LaTeX file
)) (./svjour3.cls
Document Class: svjour3 2007/05/08 v3.2 
LaTeX document class for Springer journals
Class Springer-SVJour3 Info: extra/valid Springer sub-package (-> *.clo) 
(Springer-SVJour3)           not found in option list of \documentclass
(Springer-SVJour3)           - autoactivating "global" style.
(./svglov3.clo
File: svglov3.clo 2009/12/18 v3.2 style option for standardised journals

SVJour Class option: svglov3.clo for standardised journals
)
LaTeX Font Info:    Redeclaring math symbol \Gamma on input line 147.
LaTeX Font Info:    Redeclaring math symbol \Delta on input line 148.
LaTeX Font Info:    Redeclaring math symbol \Theta on input line 149.
LaTeX Font Info:    Redeclaring math symbol \Lambda on input line 150.
LaTeX Font Info:    Redeclaring math symbol \Xi on input line 151.
LaTeX Font Info:    Redeclaring math symbol \Pi on input line 152.
LaTeX Font Info:    Redeclaring math symbol \Sigma on input line 153.
LaTeX Font Info:    Redeclaring math symbol \Upsilon on input line 154.
LaTeX Font Info:    Redeclaring math symbol \Phi on input line 155.
LaTeX Font Info:    Redeclaring math symbol \Psi on input line 156.
LaTeX Font Info:    Redeclaring math symbol \Omega on input line 157.
\logodepth=\dimen102
\headerboxheight=\dimen103
\betweenumberspace=\dimen104
\aftertext=\dimen105
\headlineindent=\dimen106
\c@inst=\count79
\c@auth=\count80
\instindent=\dimen107
\authrun=\box26
\authorrunning=\toks14
\titrun=\box27
\titlerunning=\toks15
\combirun=\box28
\c@lastpage=\count81
\rubricwidth=\dimen108
\c@section=\count82
\c@subsection=\count83
\c@subsubsection=\count84
\c@paragraph=\count85
\c@subparagraph=\count86
\spthmsep=\dimen109
\c@theorem=\count87
\c@case=\count88
\c@conjecture=\count89
\c@corollary=\count90
\c@definition=\count91
\c@example=\count92
\c@exercise=\count93
\c@lemma=\count94
\c@note=\count95
\c@problem=\count96
\c@property=\count97
\c@proposition=\count98
\c@question=\count99
\c@solution=\count100
\c@remark=\count101
\c@figure=\count102
\c@table=\count103
\abovecaptionskip=\skip41
\belowcaptionskip=\skip42
\figcapgap=\dimen110
\tabcapgap=\dimen111
\figgap=\dimen112
\bibindent=\dimen113
\@tempcntc=\count104
) (/usr/share/texmf/tex/latex/amsfonts/amssymb.sty
Package: amssymb 2002/01/22 v2.2d

(/usr/share/texmf/tex/latex/amsfonts/amsfonts.sty
Package: amsfonts 2001/10/25 v2.2f
\@emptytoks=\toks16
\symAMSa=\mathgroup4
\symAMSb=\mathgroup5
LaTeX Font Info:    Overwriting math alphabet `\mathfrak' in version `bold'
(Font)                  U/euf/m/n --> U/euf/b/n on input line 132.
))
(/usr/share/texmf/tex/latex/graphics/graphicx.sty
Package: graphicx 1999/02/16 v1.0f Enhanced LaTeX Graphics (DPC,SPQR)

(/usr/share/texmf/tex/latex/graphics/keyval.sty
Package: keyval 1999/03/16 v1.13 key=value parser (DPC)
\KV@toks@=\toks17
)
(/usr/share/texmf/tex/latex/graphics/graphics.sty
Package: graphics 2001/07/07 v1.0n Standard LaTeX Graphics (DPC,SPQR)

(/usr/share/texmf/tex/latex/graphics/trig.sty
Package: trig 1999/03/16 v1.09 sin cos tan (DPC)
)
(/usr/share/texmf/tex/latex/graphics/graphics.cfg
File: graphics.cfg 2005/02/03 v1.3 graphics configuration of teTeX/TeXLive
)
Package graphics Info: Driver file: pdftex.def on input line 80.

(/usr/share/texmf/tex/latex/graphics/pdftex.def
File: pdftex.def 2002/06/19 v0.03k graphics/color for pdftex
\Gread@gobject=\count105
))
\Gin@req@height=\dimen114
\Gin@req@width=\dimen115
)
(/usr/share/texmf/tex/latex/algorithms/algorithm.sty
Package: algorithm 

Document Style `algorithm' - floating environment
(/usr/share/texmf/tex/latex/float/float.sty
Package: float 2001/11/08 v1.3d Float enhancements (AL)
\c@float@type=\count106
\float@exts=\toks18
\float@box=\box29
\@float@everytoks=\toks19
\@floatcapt=\box30
)
(/usr/share/texmf/tex/latex/base/ifthen.sty
Package: ifthen 2001/05/26 v1.1c Standard LaTeX ifthen package (DPC)
)
\@float@every@algorithm=\toks20
\c@algorithm=\count107
) (./algpseudocode.sty
Package: algpseudocode 

(./algorithmicx.sty
Package: algorithmicx 2005/04/27 v1.2 Algorithmicx

Document Style algorithmicx 1.2 - a greatly improved `algorithmic' style
\c@ALG@line=\count108
\c@ALG@rem=\count109
\c@ALG@nested=\count110
\ALG@tlm=\skip43
\ALG@thistlm=\skip44
\c@ALG@Lnr=\count111
\c@ALG@blocknr=\count112
\c@ALG@storecount=\count113
\c@ALG@tmpcounter=\count114
\ALG@tmplength=\skip45
)
Document Style - pseudocode environments for use with the `algorithmicx' style
) (/usr/share/texmf/tex/latex/amsmath/amsmath.sty
Package: amsmath 2000/07/18 v2.13 AMS math features
\@mathmargin=\skip46

For additional information on amsmath, use the `?' option.
(/usr/share/texmf/tex/latex/amsmath/amstext.sty
Package: amstext 2000/06/29 v2.01

(/usr/share/texmf/tex/latex/amsmath/amsgen.sty
File: amsgen.sty 1999/11/30 v2.0
\@emptytoks=\toks21
\ex@=\dimen116
))
(/usr/share/texmf/tex/latex/amsmath/amsbsy.sty
Package: amsbsy 1999/11/29 v1.2d
\pmbraise@=\dimen117
)
(/usr/share/texmf/tex/latex/amsmath/amsopn.sty
Package: amsopn 1999/12/14 v2.01 operator names
)
\inf@bad=\count115
LaTeX Info: Redefining \frac on input line 211.
\uproot@=\count116
\leftroot@=\count117
LaTeX Info: Redefining \overline on input line 307.
\classnum@=\count118
\DOTSCASE@=\count119
LaTeX Info: Redefining \ldots on input line 379.
LaTeX Info: Redefining \dots on input line 382.
LaTeX Info: Redefining \cdots on input line 467.
\Mathstrutbox@=\box31
\strutbox@=\box32
\big@size=\dimen118
LaTeX Font Info:    Redeclaring font encoding OML on input line 567.
LaTeX Font Info:    Redeclaring font encoding OMS on input line 568.


Package amsmath Warning: Unable to redefine math accent \vec.

\macc@depth=\count120
\c@MaxMatrixCols=\count121
\dotsspace@=\muskip10
\c@parentequation=\count122
\dspbrk@lvl=\count123
\tag@help=\toks22
\row@=\count124
\column@=\count125
\maxfields@=\count126
\andhelp@=\toks23
\eqnshift@=\dimen119
\alignsep@=\dimen120
\tagshift@=\dimen121
\tagwidth@=\dimen122
\totwidth@=\dimen123
\lineht@=\dimen124
\@envbody=\toks24
\multlinegap=\skip47
\multlinetaggap=\skip48
\mathdisplay@stack=\toks25
LaTeX Info: Redefining \[ on input line 2666.
LaTeX Info: Redefining \] on input line 2667.
) (/usr/share/texmf/tex/latex/tools/array.sty
Package: array 2003/12/17 v2.4a Tabular extension package (FMi)
\col@sep=\dimen125
\extrarowheight=\dimen126
\NC@list=\toks26
\extratabsurround=\skip49
\backup@length=\skip50
)
(/usr/share/texmf/tex/latex/preprint/balance.sty
Package: balance 1999/02/23 4.3 (PWD)
\oldvsize=\dimen127
)
(/usr/share/texmf/tex/latex/caption/caption.sty
Package: caption 2004/07/16 v3.0c Customising captions (AS)
\captionmargin=\dimen128
\captionwidth=\dimen129
\captionindent=\dimen130
\captionparindent=\dimen131
\captionhangindent=\dimen132
Package caption Info: float package v1.2 (or newer) detected on input line 589.

)
(/usr/share/texmf/tex/latex/cite/cite.sty
LaTeX Info: Redefining \cite on input line 149.
LaTeX Info: Redefining \nocite on input line 214.
Package: cite 2003/11/04  v 4.01
)
(/usr/share/texmf/tex/latex/graphics/color.sty
Package: color 1999/02/16 v1.0i Standard LaTeX Color (DPC)

(/usr/share/texmf/tex/latex/graphics/color.cfg
File: color.cfg 2005/02/03 v1.3 color configuration of teTeX/TeXLive
)
Package color Info: Driver file: pdftex.def on input line 125.
)
(/usr/share/texmf/tex/latex/tools/indentfirst.sty
Package: indentfirst 1995/11/23 v1.03 Indent first paragraph (DPC)
)
(/usr/share/texmf/tex/latex/multirow/multirow.sty
\bigstrutjot=\dimen133
)
(/usr/share/texmf/tex/latex/rotating/rotating.sty
Package: rotating 1997/09/26 v2.13 Rotation package
\c@r@tfl@t=\count127
\rot@float@box=\box33
) (./sistyle.sty
Package: sistyle 2008/07/16 v2.3a SI units and numbers (DNJ Els)
\ttoks@A=\toks27
\ttoks@B=\toks28
)
(/usr/share/texmf/tex/latex/subfigure/subfigure.sty
Package: subfigure 2002/07/30 v2.1.4 subfigure package
\subfigtopskip=\skip51
\subfigcapskip=\skip52
\subfigcaptopadj=\dimen134
\subfigbottomskip=\skip53
\subfigcapmargin=\dimen135
\subfiglabelskip=\skip54
\c@subfigure=\count128
\c@lofdepth=\count129
\c@subtable=\count130
\c@lotdepth=\count131

****************************************
* Local config file subfigure.cfg used *
****************************************
(/usr/share/texmf/tex/latex/subfigure/subfigure.cfg)
\subfig@top=\skip55
\subfig@bottom=\skip56
)
(/usr/share/texmf/tex/latex/tools/tabularx.sty
Package: tabularx 1999/01/07 v2.07 `tabularx' package (DPC)
\TX@col@width=\dimen136
\TX@old@table=\dimen137
\TX@old@col=\dimen138
\TX@target=\dimen139
\TX@delta=\dimen140
\TX@cols=\count132
\TX@ftn=\toks29
)
(/usr/share/texmf/tex/latex/url/url.sty
\Urlmuskip=\muskip11
Package: url 2004/03/15  ver 3.1  Verb mode for urls, etc.
)
(/usr/share/texmf/tex/latex/tools/verbatim.sty
Package: verbatim 2003/08/22 v1.5q LaTeX2e package for verbatim enhancements
\every@verbatim=\toks30
\verbatim@line=\toks31
\verbatim@in@stream=\read1
) (./pkdd.aux)
\openout1 = `pkdd.aux'.

LaTeX Font Info:    Checking defaults for OML/cmm/m/it on input line 95.
LaTeX Font Info:    ... okay on input line 95.
LaTeX Font Info:    Checking defaults for T1/cmr/m/n on input line 95.
LaTeX Font Info:    ... okay on input line 95.
LaTeX Font Info:    Checking defaults for OT1/cmr/m/n on input line 95.
LaTeX Font Info:    ... okay on input line 95.
LaTeX Font Info:    Checking defaults for OMS/cmsy/m/n on input line 95.
LaTeX Font Info:    ... okay on input line 95.
LaTeX Font Info:    Checking defaults for OMX/cmex/m/n on input line 95.
LaTeX Font Info:    ... okay on input line 95.
LaTeX Font Info:    Checking defaults for U/cmr/m/n on input line 95.
LaTeX Font Info:    ... okay on input line 95.
LaTeX Font Info:    Checking defaults for TS1/cmr/m/n on input line 95.
LaTeX Font Info:    ... okay on input line 95.

Unknown journal: specify \journalname{<name of your journal>} in preambel

(/usr/share/texmf/tex/latex/ms/ragged2e.sty
Package: ragged2e 2003/03/25 v2.04 ragged2e Package (MS)

(/usr/share/texmf/tex/latex/ms/everysel.sty
Package: everysel 1999/06/08 v1.03 EverySelectfont Package (MS)
LaTeX Info: Redefining \selectfont on input line 125.
)
\CenteringLeftskip=\skip57
\RaggedLeftLeftskip=\skip58
\RaggedRightLeftskip=\skip59
\CenteringRightskip=\skip60
\RaggedLeftRightskip=\skip61
\RaggedRightRightskip=\skip62
\CenteringParfillskip=\skip63
\RaggedLeftParfillskip=\skip64
\RaggedRightParfillskip=\skip65
\JustifyingParfillskip=\skip66
\CenteringParindent=\skip67
\RaggedLeftParindent=\skip68
\RaggedRightParindent=\skip69
\JustifyingParindent=\skip70
)
Package caption Info: rotating package v2.0 (or newer) detected on input line 9
5.
LaTeX Font Info:    Calculating math sizes for size <9.5> on input line 95.


LaTeX Font Warning: Font shape `OMX/cmex/m/n' in size <9.5> not available
(Font)              size <9> substituted on input line 95.

LaTeX Font Info:    Try loading font information for U+msa on input line 95.
(/usr/share/texmf/tex/latex/amsfonts/umsa.fd
File: umsa.fd 2002/01/19 v2.2g AMS font definitions
)

LaTeX Font Warning: Font shape `U/msa/m/n' in size <9.5> not available
(Font)              size <9> substituted on input line 95.

LaTeX Font Info:    Try loading font information for U+msb on input line 95.
(/usr/share/texmf/tex/latex/amsfonts/umsb.fd
File: umsb.fd 2002/01/19 v2.2g AMS font definitions
)

LaTeX Font Warning: Font shape `U/msb/m/n' in size <9.5> not available
(Font)              size <9> substituted on input line 95.

SVJour3 warning: Missing \journalname
LaTeX Font Info:    Try loading font information for OMS+cmr on input line 133.

(/usr/share/texmf/tex/latex/base/omscmr.fd
File: omscmr.fd 1999/05/25 v2.5h Standard LaTeX font definitions
)
LaTeX Font Info:    Font shape `OMS/cmr/m/n' in size <8> not available
(Font)              Font shape `OMS/cmsy/m/n' tried instead on input line 133.
 (./abstract.tex)
(./introduction.tex [1{/var/lib/texmf/fonts/map/pdftex/updmap/pdftex.map}]
<recommend_imputation_timerow_white.png, id=23, 565.6332pt x 293.4162pt>
File: recommend_imputation_timerow_white.png Graphic file (type png)

<use recommend_imputation_timerow_white.png> [2 <./recommend_imputation_timerow
_white.png>] [3]) (./related_work.tex [4] [5]) (./matrix_factorization.tex
[6]

LaTeX Font Warning: Command \small invalid in math mode on input line 29.


LaTeX Font Warning: Command \small invalid in math mode on input line 36.


LaTeX Font Warning: Command \small invalid in math mode on input line 66.

[7]

LaTeX Font Warning: Command \small invalid in math mode on input line 80.


LaTeX Font Warning: Command \small invalid in math mode on input line 98.


Underfull \hbox (badness 10000) in paragraph at lines 103--109

 []


Underfull \hbox (badness 10000) in paragraph at lines 113--117

 []

[8]) (./tensor_factorization.tex [9] [10]
Overfull \hbox (5.06549pt too wide) in paragraph at lines 93--95
[]\OT1/cmr/m/n/9.5 Here we in-tro-duce Temporally-Regularized Ten-sor Fac-tor-i
za-tion (TR-TF) model
 []


LaTeX Font Warning: Command \small invalid in math mode on input line 109.


Underfull \hbox (badness 10000) in paragraph at lines 111--126

 []

[11]

LaTeX Font Warning: Command \small invalid in math mode on input line 127.


Overfull \hbox (16.09537pt too wide) in paragraph at lines 154--157
\OT1/cmr/m/n/9.5 strate-gies. For ef-fi-ciency and scal-a-bil-ity, we sug-gest 
Stochas-tic Gra-di-ent De-scent (SGD)
 []


LaTeX Font Warning: Command \small invalid in math mode on input line 158.


LaTeX Font Warning: Command \small invalid in math mode on input line 167.

) (./experimental_setup.tex [12]
<berkeley_lab.png, id=99, 903.375pt x 468.75125pt>
File: berkeley_lab.png Graphic file (type png)
 <use berkeley_lab.png>
<traffic_wsn.png, id=100, 313.17pt x 259.7203pt>
File: traffic_wsn.png Graphic file (type png)
 <use traffic_wsn.png> [13 <./berkeley_lab.png> <./traffic_wsn.png>]) (./experi
mental_results_basics.tex
[14] (./experimental_figures_basics.tex
<table2_1_BRH.pdf, id=117, 244.915pt x 103.38625pt>
File: table2_1_BRH.pdf Graphic file (type pdf)
 <use table2_1_BRH.pdf>
<table3_BRL.pdf, id=119, 244.915pt x 103.38625pt>
File: table3_BRL.pdf Graphic file (type pdf)
 <use table3_BRL.pdf>
<table4_BRT.pdf, id=121, 244.915pt x 103.38625pt>
File: table4_BRT.pdf Graphic file (type pdf)
 <use table4_BRT.pdf>
<table5_TRH.pdf, id=123, 244.915pt x 103.38625pt>
File: table5_TRH.pdf Graphic file (type pdf)
 <use table5_TRH.pdf>
<table6_TRT.pdf, id=125, 244.915pt x 103.38625pt>
File: table6_TRT.pdf Graphic file (type pdf)
 <use table6_TRT.pdf>
<table7_BTH.pdf, id=127, 244.915pt x 103.38625pt>
File: table7_BTH.pdf Graphic file (type pdf)
 <use table7_BTH.pdf>
<table8_BTL.pdf, id=129, 244.915pt x 103.38625pt>
File: table8_BTL.pdf Graphic file (type pdf)
 <use table8_BTL.pdf>
<table9_BTT.pdf, id=131, 244.915pt x 103.38625pt>
File: table9_BTT.pdf Graphic file (type pdf)
 <use table9_BTT.pdf>
<table10_TTH.pdf, id=133, 244.915pt x 103.38625pt>
File: table10_TTH.pdf Graphic file (type pdf)
 <use table10_TTH.pdf>
<table11_TTT.pdf, id=135, 244.915pt x 103.38625pt>
File: table11_TTT.pdf Graphic file (type pdf)
 <use table11_TTT.pdf>))
(./experimental_results_spatial.tex

LaTeX Warning: `h' float specifier changed to `ht'.

[15] [16 <./table2_1_BRH.pdf> <./table3_BRL.pdf> <./table4_BRT.pdf> <./table5_T
RH.pdf> <./table6_TRT.pdf> <./table7_BTH.pdf> <./table8_BTL.pdf> <./table9_BTT.
pdf> <./table10_TTH.pdf> <./table11_TTT.pdf>]
<expected.png, id=223, 495.2904pt x 259.2084pt>
File: expected.png Graphic file (type png)
 <use expected.png>
<Hum_similarity.png, id=224, 503.481pt x 264.99pt>
File: Hum_similarity.png Graphic file (type png)
 <use Hum_similarity.png>
<Light_similarity.png, id=225, 502.5174pt x 263.5446pt>
File: Light_similarity.png Graphic file (type png)

<use Light_similarity.png>) (./experimental_results.tex
(./experimental_figures_multivariate.tex
<traffic_random_humidity_pspdftex.pdf, id=226, 235.88126pt x 103.38625pt>
File: traffic_random_humidity_pspdftex.pdf Graphic file (type pdf)

<use traffic_random_humidity_pspdftex.pdf>
<traffic_random_temperature_pspdftex.pdf, id=228, 235.88126pt x 103.38625pt>
File: traffic_random_temperature_pspdftex.pdf Graphic file (type pdf)

<use traffic_random_temperature_pspdftex.pdf>
<traffic_temporal_humidity_pspdftex.pdf, id=230, 235.88126pt x 103.38625pt>
File: traffic_temporal_humidity_pspdftex.pdf Graphic file (type pdf)

<use traffic_temporal_humidity_pspdftex.pdf>
<traffic_temporal_temperature_pspdftex.pdf, id=232, 235.88126pt x 103.38625pt>
File: traffic_temporal_temperature_pspdftex.pdf Graphic file (type pdf)

<use traffic_temporal_temperature_pspdftex.pdf>

LaTeX Warning: `h' float specifier changed to `ht'.

) [17 <./expected.png> <./Hum_similarity.png> <./Light_similarity.png>]
[18 <./traffic_random_humidity_pspdftex.pdf> <./traffic_random_temperature_pspd
ftex.pdf> <./traffic_temporal_humidity_pspdftex.pdf> <./traffic_temporal_temper
ature_pspdftex.pdf>]) (./conclusion.tex) (./pkdd.bbl
Underfull \vbox (badness 2012) has occurred while \output is active []

 [19])
[20] (./pkdd.aux)

LaTeX Font Warning: Size substitutions with differences
(Font)              up to 2.625pt have occurred.

 ) 
Here is how much of TeX's memory you used:
 4124 strings out of 94499
 58159 string characters out of 1172810
 110956 words of memory out of 3500000
 7150 multiletter control sequences out of 10000+50000
 25757 words of font info for 97 fonts, out of 500000 for 2000
 580 hyphenation exceptions out of 1000
 28i,15n,32p,763b,324s stack positions out of 1500i,500n,5000p,200000b,5000s
PDF statistics:
 287 PDF objects out of 300000
 0 named destinations out of 131072
 191 words of extra memory for PDF output out of 65536
</usr/share/texmf/fonts/type1/bluesky/cm/cmtt8.pfb></usr/share/texmf/fonts/ty
pe1/bluesky/cm/cmsy5.pfb></usr/share/texmf/fonts/type1/bluesky/cm/cmr5.pfb></us
r/share/texmf/fonts/type1/bluesky/cm/cmmi7.pfb></usr/share/texmf/fonts/type1/bl
uesky/cm/cmbx7.pfb></usr/share/texmf/fonts/type1/bluesky/cm/cmr7.pfb></usr/shar
e/texmf/fonts/type1/bluesky/cm/cmbx5.pfb></usr/share/texmf/fonts/type1/bluesky/
cm/cmbx6.pfb></usr/share/texmf/fonts/type1/public/tt2001/fmex9.pfb></usr/share/
texmf/fonts/type1/bluesky/cm/cmmi5.pfb></usr/share/texmf/fonts/type1/bluesky/cm
/cmmi8.pfb></usr/share/texmf/fonts/type1/public/tt2001/fmex8.pfb></usr/share/te
xmf/fonts/type1/bluesky/cm/cmsy9.pfb></usr/share/texmf/fonts/type1/bluesky/cm/c
msy6.pfb></usr/share/texmf/fonts/type1/bluesky/cm/cmmi6.pfb></usr/share/texmf/f
onts/type1/bluesky/cm/cmmi9.pfb></usr/share/texmf/fonts/type1/bluesky/cm/cmbx8.
pfb></usr/share/texmf/fonts/type1/bluesky/cm/cmti9.pfb></usr/share/texmf/fonts/
type1/bluesky/cm/cmr6.pfb></usr/share/texmf/fonts/type1/bluesky/cm/cmsy8.pfb></
usr/share/texmf/fonts/type1/bluesky/cm/cmr8.pfb></usr/share/texmf/fonts/type1/b
luesky/cm/cmbsy10.pfb></usr/share/texmf/fonts/type1/bluesky/cm/cmbx12.pfb></usr
/share/texmf/fonts/type1/bluesky/cm/cmr9.pfb></usr/share/texmf/fonts/type1/blue
sky/cm/cmbx9.pfb>
Output written on pkdd.pdf (20 pages, 1495042 bytes).
